CRITICAL - 2021-10-02 16:15:17 --> preg_match(): Compilation failed: quantifier does not follow a repeatable item at offset 1
#0 [internal function]: CodeIgniter\Debug\Exceptions->errorHandler(2, 'preg_match(): C...', 'C:\\xampp\\htdocs...', 357)
#1 C:\xampp\htdocs\vue-ci4\backend\api\system\Router\Router.php(357): preg_match('#^*$#u', 'about', Array)
#2 C:\xampp\htdocs\vue-ci4\backend\api\system\Router\Router.php(145): CodeIgniter\Router\Router->checkRoutes('about')
#3 C:\xampp\htdocs\vue-ci4\backend\api\system\CodeIgniter.php(702): CodeIgniter\Router\Router->handle('about')
#4 C:\xampp\htdocs\vue-ci4\backend\api\system\CodeIgniter.php(358): CodeIgniter\CodeIgniter->tryToRouteIt(Object(CodeIgniter\Router\RouteCollection))
#5 C:\xampp\htdocs\vue-ci4\backend\api\system\CodeIgniter.php(317): CodeIgniter\CodeIgniter->handleRequest(NULL, Object(Config\Cache), false)
#6 C:\xampp\htdocs\vue-ci4\backend\public\index.php(37): CodeIgniter\CodeIgniter->run()
#7 {main}
CRITICAL - 2021-10-02 16:15:31 --> preg_match(): Compilation failed: quantifier does not follow a repeatable item at offset 1
#0 [internal function]: CodeIgniter\Debug\Exceptions->errorHandler(2, 'preg_match(): C...', 'C:\\xampp\\htdocs...', 357)
#1 C:\xampp\htdocs\vue-ci4\backend\api\system\Router\Router.php(357): preg_match('#^*$#u', 'aboutss', Array)
#2 C:\xampp\htdocs\vue-ci4\backend\api\system\Router\Router.php(145): CodeIgniter\Router\Router->checkRoutes('aboutss')
#3 C:\xampp\htdocs\vue-ci4\backend\api\system\CodeIgniter.php(702): CodeIgniter\Router\Router->handle('aboutss')
#4 C:\xampp\htdocs\vue-ci4\backend\api\system\CodeIgniter.php(358): CodeIgniter\CodeIgniter->tryToRouteIt(Object(CodeIgniter\Router\RouteCollection))
#5 C:\xampp\htdocs\vue-ci4\backend\api\system\CodeIgniter.php(317): CodeIgniter\CodeIgniter->handleRequest(NULL, Object(Config\Cache), false)
#6 C:\xampp\htdocs\vue-ci4\backend\public\index.php(37): CodeIgniter\CodeIgniter->run()
#7 {main}
CRITICAL - 2021-10-02 16:20:46 --> syntax error, unexpected token "if"
#0 C:\xampp\htdocs\vue-ci4\backend\api\system\CodeIgniter.php(358): CodeIgniter\CodeIgniter->tryToRouteIt(NULL)
#1 C:\xampp\htdocs\vue-ci4\backend\api\system\CodeIgniter.php(317): CodeIgniter\CodeIgniter->handleRequest(NULL, Object(Config\Cache), false)
#2 C:\xampp\htdocs\vue-ci4\backend\public\index.php(37): CodeIgniter\CodeIgniter->run()
#3 {main}
CRITICAL - 2021-10-02 16:21:02 --> syntax error, unexpected token "if"
#0 C:\xampp\htdocs\vue-ci4\backend\api\system\CodeIgniter.php(358): CodeIgniter\CodeIgniter->tryToRouteIt(NULL)
#1 C:\xampp\htdocs\vue-ci4\backend\api\system\CodeIgniter.php(317): CodeIgniter\CodeIgniter->handleRequest(NULL, Object(Config\Cache), false)
#2 C:\xampp\htdocs\vue-ci4\backend\public\index.php(37): CodeIgniter\CodeIgniter->run()
#3 {main}
CRITICAL - 2021-10-02 16:21:11 --> syntax error, unexpected token "if"
#0 C:\xampp\htdocs\vue-ci4\backend\api\system\CodeIgniter.php(358): CodeIgniter\CodeIgniter->tryToRouteIt(NULL)
#1 C:\xampp\htdocs\vue-ci4\backend\api\system\CodeIgniter.php(317): CodeIgniter\CodeIgniter->handleRequest(NULL, Object(Config\Cache), false)
#2 C:\xampp\htdocs\vue-ci4\backend\public\index.php(37): CodeIgniter\CodeIgniter->run()
#3 {main}
CRITICAL - 2021-10-02 16:21:13 --> syntax error, unexpected token "if"
#0 C:\xampp\htdocs\vue-ci4\backend\api\system\CodeIgniter.php(358): CodeIgniter\CodeIgniter->tryToRouteIt(NULL)
#1 C:\xampp\htdocs\vue-ci4\backend\api\system\CodeIgniter.php(317): CodeIgniter\CodeIgniter->handleRequest(NULL, Object(Config\Cache), false)
#2 C:\xampp\htdocs\vue-ci4\backend\public\index.php(37): CodeIgniter\CodeIgniter->run()
#3 {main}
CRITICAL - 2021-10-02 16:21:14 --> syntax error, unexpected token "if"
#0 C:\xampp\htdocs\vue-ci4\backend\api\system\CodeIgniter.php(358): CodeIgniter\CodeIgniter->tryToRouteIt(NULL)
#1 C:\xampp\htdocs\vue-ci4\backend\api\system\CodeIgniter.php(317): CodeIgniter\CodeIgniter->handleRequest(NULL, Object(Config\Cache), false)
#2 C:\xampp\htdocs\vue-ci4\backend\public\index.php(37): CodeIgniter\CodeIgniter->run()
#3 {main}
CRITICAL - 2021-10-02 16:21:16 --> syntax error, unexpected token "if"
#0 C:\xampp\htdocs\vue-ci4\backend\api\system\CodeIgniter.php(358): CodeIgniter\CodeIgniter->tryToRouteIt(NULL)
#1 C:\xampp\htdocs\vue-ci4\backend\api\system\CodeIgniter.php(317): CodeIgniter\CodeIgniter->handleRequest(NULL, Object(Config\Cache), false)
#2 C:\xampp\htdocs\vue-ci4\backend\public\index.php(37): CodeIgniter\CodeIgniter->run()
#3 {main}
CRITICAL - 2021-10-02 16:21:20 --> syntax error, unexpected token "if"
#0 C:\xampp\htdocs\vue-ci4\backend\api\system\CodeIgniter.php(358): CodeIgniter\CodeIgniter->tryToRouteIt(NULL)
#1 C:\xampp\htdocs\vue-ci4\backend\api\system\CodeIgniter.php(317): CodeIgniter\CodeIgniter->handleRequest(NULL, Object(Config\Cache), false)
#2 C:\xampp\htdocs\vue-ci4\backend\public\index.php(37): CodeIgniter\CodeIgniter->run()
#3 {main}
CRITICAL - 2021-10-02 16:59:32 --> Class "Home" not found
#0 C:\xampp\htdocs\vue-ci4\backend\api\system\CodeIgniter.php(827): CodeIgniter\CodeIgniter->createController()
#1 C:\xampp\htdocs\vue-ci4\backend\api\system\CodeIgniter.php(331): CodeIgniter\CodeIgniter->display404errors(Object(CodeIgniter\Exceptions\PageNotFoundException))
#2 C:\xampp\htdocs\vue-ci4\backend\public\index.php(37): CodeIgniter\CodeIgniter->run()
#3 {main}
CRITICAL - 2021-10-02 16:59:42 --> Class "Home" not found
#0 C:\xampp\htdocs\vue-ci4\backend\api\system\CodeIgniter.php(827): CodeIgniter\CodeIgniter->createController()
#1 C:\xampp\htdocs\vue-ci4\backend\api\system\CodeIgniter.php(331): CodeIgniter\CodeIgniter->display404errors(Object(CodeIgniter\Exceptions\PageNotFoundException))
#2 C:\xampp\htdocs\vue-ci4\backend\public\index.php(37): CodeIgniter\CodeIgniter->run()
#3 {main}
