CRITICAL - 2022-01-28 08:09:26 --> DateTime::modify(): Failed to parse time string (Fri Jan 28 2022 01:00:00 GMT+0100 (West Africa Standard Time)) at position 40 (A): Double timezone specification
#0 [internal function]: CodeIgniter\Debug\Exceptions->errorHandler(2, 'DateTime::modif...', 'C:\\xampp\\htdocs...', 98, Array)
#1 C:\xampp\htdocs\vueCi4\backend\api\system\I18n\Time.php(98): DateTime->modify('Fri Jan 28 2022...')
#2 C:\xampp\htdocs\vueCi4\backend\api\system\I18n\Time.php(133): CodeIgniter\I18n\Time->__construct('Fri Jan 28 2022...', 'America/Chicago', NULL)
#3 C:\xampp\htdocs\vueCi4\backend\api\app\Controllers\Home.php(81): CodeIgniter\I18n\Time::parse('Fri Jan 28 2022...')
#4 C:\xampp\htdocs\vueCi4\backend\api\system\CodeIgniter.php(824): App\Controllers\Home->getBatchList('1')
#5 C:\xampp\htdocs\vueCi4\backend\api\system\CodeIgniter.php(410): CodeIgniter\CodeIgniter->runController(Object(App\Controllers\Home))
#6 C:\xampp\htdocs\vueCi4\backend\api\system\CodeIgniter.php(318): CodeIgniter\CodeIgniter->handleRequest(NULL, Object(Config\Cache), false)
#7 C:\xampp\htdocs\vueCi4\backend\public\index.php(37): CodeIgniter\CodeIgniter->run()
#8 {main}
CRITICAL - 2022-01-28 08:15:09 --> DateTime::__construct(): Failed to parse time string (2022/13/01) at position 4 (/): Unexpected character
#0 C:\xampp\htdocs\vueCi4\backend\api\system\I18n\Time.php(102): DateTime->__construct('2022/13/01', Object(DateTimeZone))
#1 C:\xampp\htdocs\vueCi4\backend\api\system\I18n\Time.php(133): CodeIgniter\I18n\Time->__construct('2022/13/01', 'America/Chicago', NULL)
#2 C:\xampp\htdocs\vueCi4\backend\api\app\Controllers\Home.php(81): CodeIgniter\I18n\Time::parse('2022/13/01')
#3 C:\xampp\htdocs\vueCi4\backend\api\system\CodeIgniter.php(824): App\Controllers\Home->getBatchList('1')
#4 C:\xampp\htdocs\vueCi4\backend\api\system\CodeIgniter.php(410): CodeIgniter\CodeIgniter->runController(Object(App\Controllers\Home))
#5 C:\xampp\htdocs\vueCi4\backend\api\system\CodeIgniter.php(318): CodeIgniter\CodeIgniter->handleRequest(NULL, Object(Config\Cache), false)
#6 C:\xampp\htdocs\vueCi4\backend\public\index.php(37): CodeIgniter\CodeIgniter->run()
#7 {main}
CRITICAL - 2022-01-28 08:16:57 --> DateTime::__construct(): Failed to parse time string (22/01/13) at position 0 (2): Unexpected character
#0 C:\xampp\htdocs\vueCi4\backend\api\system\I18n\Time.php(102): DateTime->__construct('22/01/13', Object(DateTimeZone))
#1 C:\xampp\htdocs\vueCi4\backend\api\system\I18n\Time.php(133): CodeIgniter\I18n\Time->__construct('22/01/13', 'America/Chicago', NULL)
#2 C:\xampp\htdocs\vueCi4\backend\api\app\Controllers\Home.php(81): CodeIgniter\I18n\Time::parse('22/01/13')
#3 C:\xampp\htdocs\vueCi4\backend\api\system\CodeIgniter.php(824): App\Controllers\Home->getBatchList('1')
#4 C:\xampp\htdocs\vueCi4\backend\api\system\CodeIgniter.php(410): CodeIgniter\CodeIgniter->runController(Object(App\Controllers\Home))
#5 C:\xampp\htdocs\vueCi4\backend\api\system\CodeIgniter.php(318): CodeIgniter\CodeIgniter->handleRequest(NULL, Object(Config\Cache), false)
#6 C:\xampp\htdocs\vueCi4\backend\public\index.php(37): CodeIgniter\CodeIgniter->run()
#7 {main}
CRITICAL - 2022-01-28 08:17:45 --> DateTime::__construct(): Failed to parse time string (42/01/2013) at position 0 (4): Unexpected character
#0 C:\xampp\htdocs\vueCi4\backend\api\system\I18n\Time.php(102): DateTime->__construct('42/01/2013', Object(DateTimeZone))
#1 C:\xampp\htdocs\vueCi4\backend\api\system\I18n\Time.php(133): CodeIgniter\I18n\Time->__construct('42/01/2013', 'America/Chicago', NULL)
#2 C:\xampp\htdocs\vueCi4\backend\api\app\Controllers\Home.php(81): CodeIgniter\I18n\Time::parse('42/01/2013')
#3 C:\xampp\htdocs\vueCi4\backend\api\system\CodeIgniter.php(824): App\Controllers\Home->getBatchList('1')
#4 C:\xampp\htdocs\vueCi4\backend\api\system\CodeIgniter.php(410): CodeIgniter\CodeIgniter->runController(Object(App\Controllers\Home))
#5 C:\xampp\htdocs\vueCi4\backend\api\system\CodeIgniter.php(318): CodeIgniter\CodeIgniter->handleRequest(NULL, Object(Config\Cache), false)
#6 C:\xampp\htdocs\vueCi4\backend\public\index.php(37): CodeIgniter\CodeIgniter->run()
#7 {main}
